<?xml version="1.0" encoding="UTF-8"?>
<testsuite name="TestSuite" time="39.371" tests="8" errors="0" skipped="0" failures="3">
  <properties>
[...]
</properties>
  <testcase name="loginTest" classname="com.nopcommerce.testCases.TC_LoginTest_001" time="11.594"/>
  <testcase name="loginTest" classname="com.nopcommerce.testCases.TC_LoginTest_001" time="10.663"/>
  <testcase name="loginTest" classname="com.nopcommerce.testCases.TC_LoginTest_001" time="10.239"/>
  <testcase name="loginTest" classname="com.nopcommerce.testCases.TC_LoginDDT_002" time="8.496"/>
  <testcase name="loginTest" classname="com.nopcommerce.testCases.TC_LoginDDT_002" time="3.549">
    <failure message="expected [true] but found [false]" type="java.lang.AssertionError">java.lang.AssertionError: expected [true] but found [false]
	at org.testng.Assert.fail(Assert.java:96)
	at org.testng.Assert.failNotEquals(Assert.java:776)
	at org.testng.Assert.assertTrue(Assert.java:44)
	at org.testng.Assert.assertTrue(Assert.java:54)
	at com.nopcommerce.testCases.TC_LoginDDT_002.loginTest(TC_LoginDDT_002.java:45)
</failure>
    <system-out><![CDATA[ INFO [main] (TC_LoginDDT_002.java:22)- URL is opened.....
 INFO [main] (TC_LoginDDT_002.java:26)- User provided
 INFO [main] (TC_LoginDDT_002.java:29)- Password provided
 INFO [main] (TC_LoginDDT_002.java:32)- Login in Clicked
]]></system-out>
  </testcase>
  <testcase name="loginTest" classname="com.nopcommerce.testCases.TC_LoginDDT_002" time="3.37">
    <failure message="expected [true] but found [false]" type="java.lang.AssertionError">java.lang.AssertionError: expected [true] but found [false]
	at org.testng.Assert.fail(Assert.java:96)
	at org.testng.Assert.failNotEquals(Assert.java:776)
	at org.testng.Assert.assertTrue(Assert.java:44)
	at org.testng.Assert.assertTrue(Assert.java:54)
	at com.nopcommerce.testCases.TC_LoginDDT_002.loginTest(TC_LoginDDT_002.java:45)
</failure>
    <system-out><![CDATA[ INFO [main] (TC_LoginDDT_002.java:22)- URL is opened.....
 INFO [main] (TC_LoginDDT_002.java:26)- User provided
 INFO [main] (TC_LoginDDT_002.java:29)- Password provided
 INFO [main] (TC_LoginDDT_002.java:32)- Login in Clicked
]]></system-out>
  </testcase>
  <testcase name="loginTest" classname="com.nopcommerce.testCases.TC_LoginDDT_002" time="3.496">
    <failure message="expected [true] but found [false]" type="java.lang.AssertionError">java.lang.AssertionError: expected [true] but found [false]
	at org.testng.Assert.fail(Assert.java:96)
	at org.testng.Assert.failNotEquals(Assert.java:776)
	at org.testng.Assert.assertTrue(Assert.java:44)
	at org.testng.Assert.assertTrue(Assert.java:54)
	at com.nopcommerce.testCases.TC_LoginDDT_002.loginTest(TC_LoginDDT_002.java:45)
</failure>
    <system-out><![CDATA[ INFO [main] (TC_LoginDDT_002.java:22)- URL is opened.....
 INFO [main] (TC_LoginDDT_002.java:26)- User provided
 INFO [main] (TC_LoginDDT_002.java:29)- Password provided
 INFO [main] (TC_LoginDDT_002.java:32)- Login in Clicked
]]></system-out>
  </testcase>
  <testcase name="addNewCustomer" classname="com.nopcommerce.testCases.TC_AddCustomerTest_003" time="19.281"/>
</testsuite>